[debug] [2022-08-05T19:24:22.236Z] ----------------------------------------------------------------------
[debug] [2022-08-05T19:24:22.237Z] Command:       C:\Program Files\nodejs\node.exe C:\Users\Dell\AppData\Roaming\npm\node_modules\firebase-tools\lib\bin\firebase.js init
[debug] [2022-08-05T19:24:22.237Z] CLI Version:   11.4.2
[debug] [2022-08-05T19:24:22.237Z] Platform:      win32
[debug] [2022-08-05T19:24:22.238Z] Node Version:  v16.15.0
[debug] [2022-08-05T19:24:22.239Z] Time:          Fri Aug 05 2022 13:24:22 GMT-0600 (Mountain Daylight Saving Time)
[debug] [2022-08-05T19:24:22.239Z] ----------------------------------------------------------------------
[debug] 
[debug] [2022-08-05T19:24:22.246Z] > command requires scopes: ["email","openid","https://www.googleapis.com/auth/cloudplatformprojects.readonly","https://www.googleapis.com/auth/firebase","https://www.googleapis.com/auth/cloud-platform"]
[debug] [2022-08-05T19:24:22.247Z] > authorizing via signed-in user (navjotrandhawa1007@gmail.com)
[info] 
     ######## #### ########  ######## ########     ###     ######  ########
     ##        ##  ##     ## ##       ##     ##  ##   ##  ##       ##
     ######    ##  ########  ######   ########  #########  ######  ######
     ##        ##  ##    ##  ##       ##     ## ##     ##       ## ##
     ##       #### ##     ## ######## ########  ##     ##  ######  ########

You're about to initialize a Firebase project in this directory:

  C:\Users\Dell\Downloads\merge 2 2 5 (1)\merge 2 2 5\merge 2 2\merge\capstonLogin

[info] 
=== Project Setup
[info] 
[info] First, let's associate this project directory with a Firebase project.
[info] You can create multiple project aliases by running firebase use --add, 
[info] but for now we'll just set up a default project.
[info] 
[info] i  If you want to create a project in a Google Cloud organization or folder, please use "firebase projects:create" instead, and return to this command when you've created the project. 
[debug] [2022-08-05T19:26:52.037Z] >>> [apiv2][query] POST https://cloudresourcemanager.googleapis.com/v1/projects [none]
[debug] [2022-08-05T19:26:52.038Z] >>> [apiv2][body] POST https://cloudresourcemanager.googleapis.com/v1/projects {"projectId":"luminous-liquor","name":"luminous-liquor"}
[debug] [2022-08-05T19:26:52.452Z] <<< [apiv2][status] POST https://cloudresourcemanager.googleapis.com/v1/projects 409
[debug] [2022-08-05T19:26:52.453Z] <<< [apiv2][body] POST https://cloudresourcemanager.googleapis.com/v1/projects {"error":{"code":409,"message":"Requested entity already exists","status":"ALREADY_EXISTS"}}
[debug] [2022-08-05T19:26:52.669Z] FirebaseError: HTTP Error: 409, Requested entity already exists
    at responseToError (C:\Users\Dell\AppData\Roaming\npm\node_modules\firebase-tools\lib\responseToError.js:49:12)
    at RetryOperation._fn (C:\Users\Dell\AppData\Roaming\npm\node_modules\firebase-tools\lib\apiv2.js:288:77)
    at processTicksAndRejections (node:internal/process/task_queues:96:5)
[error] 
[error] Error: Failed to create project because there is already a project with ID luminous-liquor. Please try again with a unique project ID.
